app/build/outputs/mapping/release/seeds.txt
com.coslomart.www.twa.DelegationService
com.coslomart.www.twa.LauncherActivity
com.coslomart.www.twa.Application
com.coslomart.www.twa.DelegationService: DelegationService()
com.coslomart.www.twa.Application: Application()
com.coslomart.www.twa.LauncherActivity: LauncherActivity()
...
androidx.core.graphics.drawable.IconCompat$Api23Impl: android.graphics.drawable.Icon toIcon(androidx.core.graphics.drawable.IconCompat,android.content.Context)
androidx.core.graphics.drawable.IconCompat$Api28Impl: android.net.Uri getUri(java.lang.Object)
androidx.core.app.NotificationManagerCompat$Api26Impl: void deleteNotificationChannel(android.app.NotificationManager,java.lang.String)
androidx.core.app.NotificationManagerCompat$Api26Impl: void deleteNotificationChannelGroup(android.app.NotificationManager,java.lang.String)
androidx.core.app.RemoteActionCompat: RemoteActionCompat()
androidx.core.graphics.drawable.DrawableCompat$Api23Impl: boolean setLayoutDirection(android.graphics.drawable.Drawable,int)
com.google.androidbrowserhelper.trusted.ManageDataLauncherActivity: ManageDataLauncherActivity()
androidx.core.app.ActivityCompat$Api23Impl: void requestPermissions(android.app.Activity,java.lang.String[],int)
androidx.core.app.CoreComponentFactory: CoreComponentFactory()
androidx.core.app.ActivityCompat$Api23Impl: boolean shouldShowRequestPermissionRationale(android.app.Activity,java.lang.String)
androidx.profileinstaller.ProfileInstallerInitializer$Choreographer16Impl: void postFrameCallback(java.lang.Runnable)
androidx.core.content.ContextCompat$Api23Impl: java.lang.Object getSystemService(android.content.Context,java.lang.Class)
androidx.core.graphics.drawable.IconCompat$Api23Impl: android.net.Uri getUri(java.lang.Object)
com.google.androidbrowserhelper.trusted.FocusActivity: FocusActivity()
androidx.profileinstaller.ProfileVerifier$Api33Impl: android.content.pm.PackageInfo getPackageInfo(android.content.pm.PackageManager,android.content.Context)
androidx.core.app.NotificationManagerCompat$Api26Impl: java.lang.String getId(android.app.NotificationChannelGroup)
androidx.core.content.ContextCompat$Api21Impl: java.io.File getNoBackupFilesDir(android.content.Context)
androidx.profileinstaller.FileSectionType: androidx.profileinstaller.FileSectionType[] values()
androidx.core.graphics.drawable.IconCompatParcelizer: androidx.core.graphics.drawable.IconCompat read(androidx.versionedparcelable.VersionedParcel)
androidx.core.content.ContextCompat$Api21Impl: java.io.File getCodeCacheDir(android.content.Context)
android.support.v4.graphics.drawable.IconCompatParcelizer: void write(androidx.core.graphics.drawable.IconCompat,androidx.versionedparcelable.VersionedParcel)
androidx.core.graphics.drawable.IconCompatParcelizer: void write(androidx.core.graphics.drawable.IconCompat,androidx.versionedparcelable.VersionedParcel)
androidx.core.app.NotificationManagerCompat$Api26Impl: java.lang.String getId(android.app.NotificationChannel)
androidx.profileinstaller.ProfileInstallerInitializer: ProfileInstallerInitializer()
android.support.v4.graphics.drawable.IconCompatParcelizer: androidx.core.graphics.drawable.IconCompat read(androidx.versionedparcelable.VersionedParcel)
androidx.profileinstaller.FileSectionType: androidx.profileinstaller.FileSectionType valueOf(java.lang.String)
androidx.core.graphics.drawable.IconCompat$Api26Impl: android.graphics.drawable.Icon createWithAdaptiveBitmap(android.graphics.Bitmap)
androidx.core.content.FileProvider: FileProvider()
androidx.profileinstaller.ProfileInstallReceiver: ProfileInstallReceiver()
android.support.v4.app.RemoteActionCompatParcelizer: RemoteActionCompatParcelizer()
androidx.core.content.FileProvider$Api21Impl: java.io.File[] getExternalMediaDirs(android.content.Context)
androidx.core.graphics.drawable.IconCompat$Api28Impl: java.lang.String getResPackage(java.lang.Object)
androidx.core.app.NotificationManagerCompat$Api26Impl: void createNotificationChannels(android.app.NotificationManager,java.util.List)
androidx.core.graphics.drawable.DrawableCompat$Api23Impl: int getLayoutDirection(android.graphics.drawable.Drawable)
androidx.core.content.ContextCompat$Api23Impl: java.lang.String getSystemServiceName(android.content.Context,java.lang.Class)