app/build/outputs/mapping/release/mapping.txt
# compiler: R8
# compiler_version: 8.9.32
# min_api: 21
# common_typos_disable
# {"id":"com.android.tools.r8.mapping","version":"2.2"}
# pg_map_id: e698d8b
# pg_map_hash: SHA-256 e698d8be83fbb4642b5b81b1a3b9c577516254a18cb0cb1c17f52b948a26c2df
com.coslomart.www.twa.Application -> com.coslomart.www.twa.Application:
# {"id":"sourceFile","fileName":"Application.java"}
    1:4:void <init>():20:20 -> <init>
    1:4:void onCreate():26:26 -> onCreate
com.coslomart.www.twa.DelegationService -> com.coslomart.www.twa.DelegationService:
# {"id":"sourceFile","fileName":"DelegationService.java"}
    1:4:void <init>():5:5 -> <init>
    1:4:void onCreate():9:9 -> onCreate
com.coslomart.www.twa.LauncherActivity -> com.coslomart.www.twa.LauncherActivity:
# {"id":"sourceFile","fileName":"LauncherActivity.java"}
    1:4:void <init>():25:25 -> <init>
    1:5:android.net.Uri getLaunchingUrl():48:48 -> h
    1:3:void onCreate(android.os.Bundle):33:33 -> onCreate
    4:10:void onCreate(android.os.Bundle):38:38 -> onCreate
    11:14:void onCreate(android.os.Bundle):39:39 -> onCreate
    15:18:void onCreate(android.os.Bundle):41:41 -> onCreate
...
androidx.browser.trusted.sharing.ShareTarget$FileFormField -> g.b$a:
# {"id":"sourceFile","fileName":"ShareTarget.java"}
    java.lang.String name -> a
    java.util.List acceptedTypes -> b
    1:3:void <init>(java.lang.String,java.util.List):253:253 -> <init>
    4:5:void <init>(java.lang.String,java.util.List):254:254 -> <init>
    6:12:void <init>(java.lang.String,java.util.List):255:255 -> <init>
    1:5:android.os.Bundle toBundle():260:260 -> a
    6:12:android.os.Bundle toBundle():261:261 -> a
    13:25:android.os.Bundle toBundle():262:262 -> a
androidx.browser.trusted.sharing.ShareTarget$Params -> g.b$b:
# {"id":"sourceFile","fileName":"ShareTarget.java"}
    java.lang.String title -> a
    java.lang.String text -> b
    java.util.List files -> c
    1:3:void <init>(java.lang.String,java.lang.String,java.util.List):188:188 -> <init>
    4:5:void <init>(java.lang.String,java.lang.String,java.util.List):189:189 -> <init>
    6:7:void <init>(java.lang.String,java.lang.String,java.util.List):190:190 -> <init>
    8:10:void <init>(java.lang.String,java.lang.String,java.util.List):191:191 -> <init>
    1:5:android.os.Bundle toBundle():196:196 -> a
    6:12:android.os.Bundle toBundle():197:197 -> a
    13:19:android.os.Bundle toBundle():198:198 -> a
    20:23:android.os.Bundle toBundle():199:199 -> a
    24:28:android.os.Bundle toBundle():200:200 -> a
    29:46:android.os.Bundle toBundle():201:201 -> a
    47:54:android.os.Bundle toBundle():202:202 -> a
    55:60:android.os.Bundle toBundle():204:204 -> a
androidx.collection.ArrayMap -> h.a:
# {"id":"sourceFile","fileName":"ArrayMap.java"}
    androidx.collection.ArrayMap$EntrySet mEntrySet -> d
      # {"id":"com.android.tools.r8.residualsignature","signature":"Lh/a$a;"}
    androidx.collection.ArrayMap$KeySet mKeySet -> e
      # {"id":"com.android.tools.r8.residualsignature","signature":"Lh/a$c;"}
    androidx.collection.ArrayMap$ValueCollection mValues -> f
      # {"id":"com.android.tools.r8.residualsignature","signature":"Lh/a$e;"}
    1:4:void <init>():72:72 -> <init>
    1:5:boolean containsKey(java.lang.Object):115:115 -> containsKey
    1:5:boolean containsValue(java.lang.Object):128:128 -> containsValue
    1:4:java.util.Set entrySet():217:217 -> entrySet
    5:12:java.util.Set entrySet():219:219 -> entrySet
    1:5:java.lang.Object get(java.lang.Object):141:141 -> get
    1:14:boolean containsAll(java.util.Collection):98:98 -> j
    15:24:boolean containsAll(java.util.Collection):99:99 -> j
    5:9:boolean equalsSetHelper(java.util.Set,java.lang.Object):629:629 -> k
    10:11:boolean equalsSetHelper(java.util.Set,java.lang.Object):630:630 -> k
    12:29:boolean equalsSetHelper(java.util.Set,java.lang.Object):633:633 -> k
    1:4:java.util.Set keySet():234:234 -> keySet
    5:12:java.util.Set keySet():236:236 -> keySet
    1:4:boolean removeAll(java.util.Collection):177:177 -> l
    5:18:boolean removeAll(java.util.Collection):178:178 -> l
    19:22:boolean removeAll(java.util.Collection):179:179 -> l
androidx.collection.ArrayMap$EntrySet -> h.a$a:
# {"id":"sourceFile","fileName":"ArrayMap.java"}
    androidx.collection.ArrayMap this$0 -> a
      # {"id":"com.android.tools.r8.residualsignature","signature":"Lh/a;"}
    1:6:void <init>(androidx.collection.ArrayMap):258:258 -> <init>
      # {"id":"com.android.tools.r8.residualsignature","signature":"(Lh/a;)V"}
    1:8:java.util.Iterator iterator():262:262 -> iterator
    1:7:int size():267:267 -> size