app/build/outputs/mapping/release/usage.txt
com.coslomart.www.twa.R$bool
com.coslomart.www.twa.R$color
com.coslomart.www.twa.R$drawable
com.coslomart.www.twa.R$integer
com.coslomart.www.twa.R$mipmap
com.coslomart.www.twa.R$raw
com.coslomart.www.twa.R$string
com.coslomart.www.twa.R$xml
com.coslomart.www.twa.R
...
androidx.core.app.Person$Builder
androidx.core.app.Person
androidx.core.app.PictureInPictureModeChangedInfo
androidx.core.app.RemoteActionCompat$Api26Impl
androidx.core.app.RemoteActionCompat$Api28Impl
androidx.core.app.RemoteActionCompat:
    public void <init>(androidx.core.app.RemoteActionCompat)
    public void <init>(androidx.core.graphics.drawable.IconCompat,java.lang.CharSequence,java.lang.CharSequence,android.app.PendingIntent)
    public static androidx.core.app.RemoteActionCompat createFromRemoteAction(android.app.RemoteAction)
    public android.app.PendingIntent getActionIntent()
    public java.lang.CharSequence getContentDescription()
    public androidx.core.graphics.drawable.IconCompat getIcon()
    public java.lang.CharSequence getTitle()
    public boolean isEnabled()
    public void setEnabled(boolean)
    public void setShouldShowIcon(boolean)
    public boolean shouldShowIcon()
    public android.app.RemoteAction toRemoteAction()
androidx.core.app.RemoteInput$Api20Impl
androidx.core.app.RemoteInput$Api26Impl
androidx.core.app.RemoteInput$Api28Impl
androidx.core.app.RemoteInput$Api29Impl
androidx.core.app.RemoteInput$Builder
androidx.core.app.RemoteInput$EditChoicesBeforeSending
androidx.core.app.RemoteInput$Source
androidx.core.app.RemoteInput
androidx.core.app.ServiceCompat$Api24Impl
androidx.core.app.ServiceCompat$Api29Impl
androidx.core.app.ServiceCompat$Api34Impl
androidx.core.app.ServiceCompat$StopForegroundFlags
androidx.core.app.ServiceCompat
androidx.core.app.ShareCompat$IntentBuilder
androidx.core.app.ShareCompat$IntentReader
androidx.core.app.ShareCompat
androidx.core.app.SharedElementCallback$OnSharedElementsReadyListener
androidx.core.app.SharedElementCallback
androidx.core.app.TaskStackBuilder$SupportParentable
androidx.core.app.TaskStackBuilder
androidx.core.app.unusedapprestrictions.IUnusedAppRestrictionsBackportCallback$Default
androidx.core.app.unusedapprestrictions.IUnusedAppRestrictionsBackportCallback$Stub$Proxy
androidx.core.app.unusedapprestrictions.IUnusedAppRestrictionsBackportCallback$Stub
androidx.core.app.unusedapprestrictions.IUnusedAppRestrictionsBackportCallback
androidx.core.app.unusedapprestrictions.IUnusedAppRestrictionsBackportService$Default
androidx.core.app.unusedapprestrictions.IUnusedAppRestrictionsBackportService$Stub$Proxy
androidx.core.app.unusedapprestrictions.IUnusedAppRestrictionsBackportService$Stub
androidx.core.app.unusedapprestrictions.IUnusedAppRestrictionsBackportService
androidx.core.content.ContentProviderCompat
androidx.core.content.ContentResolverCompat
androidx.core.content.ContentValuesKt
androidx.core.content.ContextCompat$Api21Impl:
    private void <init>()
androidx.core.content.ContextCompat$Api23Impl:
    private void <init>()
androidx.core.content.ContextCompat$Api24Impl
androidx.core.content.ContextCompat$Api26Impl
androidx.core.content.ContextCompat$Api28Impl
androidx.core.content.ContextCompat$Api30Impl
androidx.core.content.ContextCompat$Api33Impl
androidx.core.content.ContextCompat$LegacyServiceMapHolder
androidx.core.content.ContextCompat$RegisterReceiverFlags